<?xml version="1.0" encoding="UTF-8"?>
<testng-results ignored="0" total="2" passed="2" failed="0" skipped="0">
  <reporter-output>
  </reporter-output>
  <suite started-at="2023-03-12T14:17:21 IST" name="Default suite" finished-at="2023-03-12T14:17:23 IST" duration-ms="1481">
    <groups>
    </groups>
    <test started-at="2023-03-12T14:17:21 IST" name="Default test" finished-at="2023-03-12T14:17:23 IST" duration-ms="1481">
      <class name="Session4.ValidateResponseHeader">
        <test-method signature="getsingleUSer()[pri:0, instance:Session4.ValidateResponseHeader@1b1426f4]" started-at="2023-03-12T14:17:21 IST" name="getsingleUSer" finished-at="2023-03-12T14:17:23 IST" duration-ms="1326" status="PASS">
          <reporter-output>
          </reporter-output>
        </test-method> <!-- getsingleUSer -->
        <test-method signature="getsingleUser1()[pri:0, instance:Session4.ValidateResponseHeader@1b1426f4]" started-at="2023-03-12T14:17:23 IST" name="getsingleUser1" finished-at="2023-03-12T14:17:23 IST" duration-ms="104" status="PASS">
          <reporter-output>
          </reporter-output>
        </test-method> <!-- getsingleUser1 -->
      </class> <!-- Session4.ValidateResponseHeader -->
    </test> <!-- Default test -->
  </suite> <!-- Default suite -->
</testng-results>
